<?xml version="1.0" encoding="UTF-8"?>
<testsuite name="ParticipantTest" tests="1" skipped="0" failures="0" errors="0" timestamp="2024-08-15T04:59:34" hostname="Brandons-MacBook-Air.local" time="0.187">
  <properties/>
  <testcase name="toString_newParticipant_returnsParticipant()" classname="ParticipantTest" time="0.187"/>
  <system-out><![CDATA[]]></system-out>
  <system-err><![CDATA[]]></system-err>
</testsuite>
